/*C3*/SET SCHEMA PUBLIC
INSERT INTO NOTICIA VALUES(8,'teste 2','teste 2')
COMMIT
DELETE FROM NOTICIA WHERE ID=8
INSERT INTO NOTICIA VALUES(8,'teste 22','teste 22')
COMMIT
DELETE FROM NOTICIA WHERE ID=8
COMMIT
DISCONNECT
/*C4*/SET SCHEMA PUBLIC
DISCONNECT
/*C5*/SET SCHEMA PUBLIC
DISCONNECT
/*C6*/SET SCHEMA PUBLIC
DISCONNECT
/*C7*/SET SCHEMA PUBLIC
DISCONNECT
/*C8*/SET SCHEMA PUBLIC
DISCONNECT
/*C9*/SET SCHEMA PUBLIC
DISCONNECT
/*C10*/SET SCHEMA PUBLIC
DISCONNECT
/*C11*/SET SCHEMA PUBLIC
DISCONNECT
/*C12*/SET SCHEMA PUBLIC
DISCONNECT
